# JRE version: OpenJDK Runtime Environment Temurin-17.0.11+9 (17.0.11+9) (build 17.0.11+9)
# Java VM: OpenJDK 64-Bit Server VM Temurin-17.0.11+9 (17.0.11+9, mixed mode, emulated-client, tiered, compressed oops, compressed class ptrs, g1 gc, windows-amd64)
GC Precious Log:
 CPUs: 4 total, 4 available
 Memory: 3470M
 Large Page Support: Disabled
 NUMA Support: Disabled
 Compressed Oops: Enabled (32-bit)
 Heap Region Size: 1M
 Heap Min Capacity: 8M
 Heap Initial Capacity: 56M
 Heap Max Capacity: 1G
 Pre-touch: Disabled
 Parallel Workers: 4
 Concurrent Workers: 1
 Concurrent Refinement Workers: 4
 Periodic GC: Disabled
Heap:
 garbage-first heap   total 57344K, used 31160K [0x00000000c0000000, 0x0000000100000000)
  region size 1024K, 17 young (17408K), 2 survivors (2048K)
 Metaspace       used 17357K, committed 17600K, reserved 1114112K
  class space    used 2202K, committed 2304K, reserved 1048576K
GC Heap History (8 events):
Event: 3.530 GC heap before
{Heap before GC invocations=0 (full 0):
 garbage-first heap   total 57344K, used 16384K [0x00000000c0000000, 0x0000000100000000)
  region size 1024K, 13 young (13312K), 0 survivors (0K)
 Metaspace       used 5256K, committed 5312K, reserved 1114112K
  class space    used 490K, committed 512K, reserved 1048576K
}
Event: 3.570 GC heap after
{Heap after GC invocations=1 (full 0):
 garbage-first heap   total 57344K, used 11730K [0x00000000c0000000, 0x0000000100000000)
  region size 1024K, 2 young (2048K), 2 survivors (2048K)
 Metaspace       used 5256K, committed 5312K, reserved 1114112K
  class space    used 490K, committed 512K, reserved 1048576K
}
Event: 6.128 GC heap before
{Heap before GC invocations=1 (full 0):
 garbage-first heap   total 57344K, used 21970K [0x00000000c0000000, 0x0000000100000000)
  region size 1024K, 11 young (11264K), 2 survivors (2048K)
 Metaspace       used 7783K, committed 7936K, reserved 1114112K
  class space    used 830K, committed 896K, reserved 1048576K
}
Event: 6.135 GC heap after
{Heap after GC invocations=2 (full 0):
 garbage-first heap   total 57344K, used 15993K [0x00000000c0000000, 0x0000000100000000)
  region size 1024K, 2 young (2048K), 2 survivors (2048K)
 Metaspace       used 7783K, committed 7936K, reserved 1114112K
  class space    used 830K, committed 896K, reserved 1048576K
}
Event: 7.961 GC heap before
{Heap before GC invocations=2 (full 0):
 garbage-first heap   total 57344K, used 27257K [0x00000000c0000000, 0x0000000100000000)
  region size 1024K, 13 young (13312K), 2 survivors (2048K)
 Metaspace       used 10998K, committed 11200K, reserved 1114112K
  class space    used 1310K, committed 1408K, reserved 1048576K
}
Event: 7.967 GC heap after
{Heap after GC invocations=3 (full 0):
 garbage-first heap   total 57344K, used 17053K [0x00000000c0000000, 0x0000000100000000)
  region size 1024K, 2 young (2048K), 2 survivors (2048K)
 Metaspace       used 10998K, committed 11200K, reserved 1114112K
  class space    used 1310K, committed 1408K, reserved 1048576K
}
Event: 10.013 GC heap before
{Heap before GC invocations=3 (full 0):
 garbage-first heap   total 57344K, used 31389K [0x00000000c0000000, 0x0000000100000000)
  region size 1024K, 16 young (16384K), 2 survivors (2048K)
 Metaspace       used 13983K, committed 14208K, reserved 1114112K
  class space    used 1733K, committed 1856K, reserved 1048576K
}
Event: 10.020 GC heap after
{Heap after GC invocations=4 (full 0):
 garbage-first heap   total 57344K, used 17848K [0x00000000c0000000, 0x0000000100000000)
  region size 1024K, 2 young (2048K), 2 survivors (2048K)
 Metaspace       used 13983K, committed 14208K, reserved 1114112K
  class space    used 1733K, committed 1856K, reserved 1048576K
}

