# JRE version: OpenJDK Runtime Environment Temurin-17.0.11+9 (17.0.11+9) (build 17.0.11+9)
# Java VM: OpenJDK 64-Bit Server VM Temurin-17.0.11+9 (17.0.11+9, mixed mode, tiered, compressed oops, compressed class ptrs, parallel gc, windows-amd64)
GC Precious Log:
 CPUs: 4 total, 4 available
 Memory: 3470M
 Large Page Support: Disabled
 NUMA Support: Disabled
 Compressed Oops: Enabled (32-bit)
 Alignments: Space 512K, Generation 512K, Heap 2M
 Heap Min Capacity: 100M
 Heap Initial Capacity: 100M
 Heap Max Capacity: 1G
 Pre-touch: Disabled
 Parallel Workers: 4
Heap:
 PSYoungGen      total 23552K, used 10900K [0x00000000eab00000, 0x00000000ec480000, 0x0000000100000000)
  eden space 21504K, 43% used [0x00000000eab00000,0x00000000eb4190f0,0x00000000ec000000)
  from space 2048K, 77% used [0x00000000ec280000,0x00000000ec40c030,0x00000000ec480000)
  to   space 2048K, 0% used [0x00000000ec080000,0x00000000ec080000,0x00000000ec280000)
 ParOldGen       total 68608K, used 36046K [0x00000000c0000000, 0x00000000c4300000, 0x00000000eab00000)
  object space 68608K, 52% used [0x00000000c0000000,0x00000000c23339e0,0x00000000c4300000)
 Metaspace       used 57510K, committed 58688K, reserved 1114112K
  class space    used 6109K, committed 6592K, reserved 1048576K
GC Heap History (20 events):
Event: 40.806 GC heap before
{Heap before GC invocations=23 (full 2):
 PSYoungGen      total 22528K, used 22528K [0x00000000eab00000, 0x00000000ec300000, 0x0000000100000000)
  eden space 22016K, 100% used [0x00000000eab00000,0x00000000ec080000,0x00000000ec080000)
  from space 512K, 100% used [0x00000000ec280000,0x00000000ec300000,0x00000000ec300000)
  to   space 1024K, 0% used [0x00000000ec100000,0x00000000ec100000,0x00000000ec200000)
 ParOldGen       total 68608K, used 23478K [0x00000000c0000000, 0x00000000c4300000, 0x00000000eab00000)
  object space 68608K, 34% used [0x00000000c0000000,0x00000000c16ed828,0x00000000c4300000)
 Metaspace       used 52804K, committed 53824K, reserved 1114112K
  class space    used 5655K, committed 6080K, reserved 1048576K
}
Event: 40.811 GC heap after
{Heap after GC invocations=23 (full 2):
 PSYoungGen      total 23040K, used 1021K [0x00000000eab00000, 0x00000000ec480000, 0x0000000100000000)
  eden space 22016K, 0% used [0x00000000eab00000,0x00000000eab00000,0x00000000ec080000)
  from space 1024K, 99% used [0x00000000ec100000,0x00000000ec1ff658,0x00000000ec200000)
  to   space 2048K, 0% used [0x00000000ec280000,0x00000000ec280000,0x00000000ec480000)
 ParOldGen       total 68608K, used 23998K [0x00000000c0000000, 0x00000000c4300000, 0x00000000eab00000)
  object space 68608K, 34% used [0x00000000c0000000,0x00000000c176f868,0x00000000c4300000)
 Metaspace       used 52804K, committed 53824K, reserved 1114112K
  class space    used 5655K, committed 6080K, reserved 1048576K
}
Event: 41.755 GC heap before
{Heap before GC invocations=24 (full 2):
 PSYoungGen      total 23040K, used 23037K [0x00000000eab00000, 0x00000000ec480000, 0x0000000100000000)
  eden space 22016K, 100% used [0x00000000eab00000,0x00000000ec080000,0x00000000ec080000)
  from space 1024K, 99% used [0x00000000ec100000,0x00000000ec1ff658,0x00000000ec200000)
  to   space 2048K, 0% used [0x00000000ec280000,0x00000000ec280000,0x00000000ec480000)
 ParOldGen       total 68608K, used 23998K [0x00000000c0000000, 0x00000000c4300000, 0x00000000eab00000)
  object space 68608K, 34% used [0x00000000c0000000,0x00000000c176f868,0x00000000c4300000)
 Metaspace       used 52911K, committed 53952K, reserved 1114112K
  class space    used 5670K, committed 6080K, reserved 1048576K
}
Event: 41.760 GC heap after
{Heap after GC invocations=24 (full 2):
 PSYoungGen      total 23040K, used 868K [0x00000000eab00000, 0x00000000ec380000, 0x0000000100000000)
  eden space 22016K, 0% used [0x00000000eab00000,0x00000000eab00000,0x00000000ec080000)
  from space 1024K, 84% used [0x00000000ec280000,0x00000000ec3593d8,0x00000000ec380000)
  to   space 1536K, 0% used [0x00000000ec080000,0x00000000ec080000,0x00000000ec200000)
 ParOldGen       total 68608K, used 24882K [0x00000000c0000000, 0x00000000c4300000, 0x00000000eab00000)
  object space 68608K, 36% used [0x00000000c0000000,0x00000000c184c878,0x00000000c4300000)
 Metaspace       used 52911K, committed 53952K, reserved 1114112K
  class space    used 5670K, committed 6080K, reserved 1048576K
}
Event: 42.482 GC heap before
{Heap before GC invocations=25 (full 2):
 PSYoungGen      total 23040K, used 22884K [0x00000000eab00000, 0x00000000ec380000, 0x0000000100000000)
  eden space 22016K, 100% used [0x00000000eab00000,0x00000000ec080000,0x00000000ec080000)
  from space 1024K, 84% used [0x00000000ec280000,0x00000000ec3593d8,0x00000000ec380000)
  to   space 1536K, 0% used [0x00000000ec080000,0x00000000ec080000,0x00000000ec200000)
 ParOldGen       total 68608K, used 24882K [0x00000000c0000000, 0x00000000c4300000, 0x00000000eab00000)
  object space 68608K, 36% used [0x00000000c0000000,0x00000000c184c878,0x00000000c4300000)
 Metaspace       used 52970K, committed 54016K, reserved 1114112K
  class space    used 5688K, committed 6144K, reserved 1048576K
}
Event: 42.486 GC heap after
{Heap after GC invocations=25 (full 2):
 PSYoungGen      total 23552K, used 544K [0x00000000eab00000, 0x00000000ec300000, 0x0000000100000000)
  eden space 22016K, 0% used [0x00000000eab00000,0x00000000eab00000,0x00000000ec080000)
  from space 1536K, 35% used [0x00000000ec080000,0x00000000ec108000,0x00000000ec200000)
  to   space 1024K, 0% used [0x00000000ec200000,0x00000000ec200000,0x00000000ec300000)
 ParOldGen       total 68608K, used 25574K [0x00000000c0000000, 0x00000000c4300000, 0x00000000eab00000)
  object space 68608K, 37% used [0x00000000c0000000,0x00000000c18f9888,0x00000000c4300000)
 Metaspace       used 52970K, committed 54016K, reserved 1114112K
  class space    used 5688K, committed 6144K, reserved 1048576K
}
Event: 43.753 GC heap before
{Heap before GC invocations=26 (full 2):
 PSYoungGen      total 23552K, used 22560K [0x00000000eab00000, 0x00000000ec300000, 0x0000000100000000)
  eden space 22016K, 100% used [0x00000000eab00000,0x00000000ec080000,0x00000000ec080000)
  from space 1536K, 35% used [0x00000000ec080000,0x00000000ec108000,0x00000000ec200000)
  to   space 1024K, 0% used [0x00000000ec200000,0x00000000ec200000,0x00000000ec300000)
 ParOldGen       total 68608K, used 25574K [0x00000000c0000000, 0x00000000c4300000, 0x00000000eab00000)
  object space 68608K, 37% used [0x00000000c0000000,0x00000000c18f9888,0x00000000c4300000)
 Metaspace       used 54628K, committed 55744K, reserved 1114112K
  class space    used 5855K, committed 6336K, reserved 1048576K
}
Event: 43.759 GC heap after
{Heap after GC invocations=26 (full 2):
 PSYoungGen      total 22528K, used 999K [0x00000000eab00000, 0x00000000ec480000, 0x0000000100000000)
  eden space 21504K, 0% used [0x00000000eab00000,0x00000000eab00000,0x00000000ec000000)
  from space 1024K, 97% used [0x00000000ec200000,0x00000000ec2f9fd8,0x00000000ec300000)
  to   space 2048K, 0% used [0x00000000ec000000,0x00000000ec000000,0x00000000ec200000)
 ParOldGen       total 68608K, used 26190K [0x00000000c0000000, 0x00000000c4300000, 0x00000000eab00000)
  object space 68608K, 38% used [0x00000000c0000000,0x00000000c1993898,0x00000000c4300000)
 Metaspace       used 54628K, committed 55744K, reserved 1114112K
  class space    used 5855K, committed 6336K, reserved 1048576K
}
Event: 44.441 GC heap before
{Heap before GC invocations=27 (full 2):
 PSYoungGen      total 22528K, used 22503K [0x00000000eab00000, 0x00000000ec480000, 0x0000000100000000)
  eden space 21504K, 100% used [0x00000000eab00000,0x00000000ec000000,0x00000000ec000000)
  from space 1024K, 97% used [0x00000000ec200000,0x00000000ec2f9fd8,0x00000000ec300000)
  to   space 2048K, 0% used [0x00000000ec000000,0x00000000ec000000,0x00000000ec200000)
 ParOldGen       total 68608K, used 26190K [0x00000000c0000000, 0x00000000c4300000, 0x00000000eab00000)
  object space 68608K, 38% used [0x00000000c0000000,0x00000000c1993898,0x00000000c4300000)
 Metaspace       used 55279K, committed 56384K, reserved 1114112K
  class space    used 5935K, committed 6400K, reserved 1048576K
}
Event: 44.446 GC heap after
{Heap after GC invocations=27 (full 2):
 PSYoungGen      total 23552K, used 1792K [0x00000000eab00000, 0x00000000ec400000, 0x0000000100000000)
  eden space 21504K, 0% used [0x00000000eab00000,0x00000000eab00000,0x00000000ec000000)
  from space 2048K, 87% used [0x00000000ec000000,0x00000000ec1c0040,0x00000000ec200000)
  to   space 2048K, 0% used [0x00000000ec200000,0x00000000ec200000,0x00000000ec400000)
 ParOldGen       total 68608K, used 27154K [0x00000000c0000000, 0x00000000c4300000, 0x00000000eab00000)
  object space 68608K, 39% used [0x00000000c0000000,0x00000000c1a848b8,0x00000000c4300000)
 Metaspace       used 55279K, committed 56384K, reserved 1114112K
  class space    used 5935K, committed 6400K, reserved 1048576K
}
Event: 44.839 GC heap before
{Heap before GC invocations=28 (full 2):
 PSYoungGen      total 23552K, used 23296K [0x00000000eab00000, 0x00000000ec400000, 0x0000000100000000)
  eden space 21504K, 100% used [0x00000000eab00000,0x00000000ec000000,0x00000000ec000000)
  from space 2048K, 87% used [0x00000000ec000000,0x00000000ec1c0040,0x00000000ec200000)
  to   space 2048K, 0% used [0x00000000ec200000,0x00000000ec200000,0x00000000ec400000)
 ParOldGen       total 68608K, used 27154K [0x00000000c0000000, 0x00000000c4300000, 0x00000000eab00000)
  object space 68608K, 39% used [0x00000000c0000000,0x00000000c1a848b8,0x00000000c4300000)
 Metaspace       used 55352K, committed 56448K, reserved 1114112K
  class space    used 5938K, committed 6400K, reserved 1048576K
}
Event: 44.849 GC heap after
{Heap after GC invocations=28 (full 2):
 PSYoungGen      total 23552K, used 1760K [0x00000000eab00000, 0x00000000ec400000, 0x0000000100000000)
  eden space 21504K, 0% used [0x00000000eab00000,0x00000000eab00000,0x00000000ec000000)
  from space 2048K, 85% used [0x00000000ec200000,0x00000000ec3b8000,0x00000000ec400000)
  to   space 2048K, 0% used [0x00000000ec000000,0x00000000ec000000,0x00000000ec200000)
 ParOldGen       total 68608K, used 28858K [0x00000000c0000000, 0x00000000c4300000, 0x00000000eab00000)
  object space 68608K, 42% used [0x00000000c0000000,0x00000000c1c2e8f8,0x00000000c4300000)
 Metaspace       used 55352K, committed 56448K, reserved 1114112K
  class space    used 5938K, committed 6400K, reserved 1048576K
}
Event: 45.627 GC heap before
{Heap before GC invocations=29 (full 2):
 PSYoungGen      total 23552K, used 23264K [0x00000000eab00000, 0x00000000ec400000, 0x0000000100000000)
  eden space 21504K, 100% used [0x00000000eab00000,0x00000000ec000000,0x00000000ec000000)
  from space 2048K, 85% used [0x00000000ec200000,0x00000000ec3b8000,0x00000000ec400000)
  to   space 2048K, 0% used [0x00000000ec000000,0x00000000ec000000,0x00000000ec200000)
 ParOldGen       total 68608K, used 28858K [0x00000000c0000000, 0x00000000c4300000, 0x00000000eab00000)
  object space 68608K, 42% used [0x00000000c0000000,0x00000000c1c2e8f8,0x00000000c4300000)
 Metaspace       used 56368K, committed 57536K, reserved 1114112K
  class space    used 6034K, committed 6528K, reserved 1048576K
}
Event: 45.633 GC heap after
{Heap after GC invocations=29 (full 2):
 PSYoungGen      total 23552K, used 2016K [0x00000000eab00000, 0x00000000ec900000, 0x0000000100000000)
  eden space 21504K, 0% used [0x00000000eab00000,0x00000000eab00000,0x00000000ec000000)
  from space 2048K, 98% used [0x00000000ec000000,0x00000000ec1f8030,0x00000000ec200000)
  to   space 4608K, 0% used [0x00000000ec480000,0x00000000ec480000,0x00000000ec900000)
 ParOldGen       total 68608K, used 30738K [0x00000000c0000000, 0x00000000c4300000, 0x00000000eab00000)
  object space 68608K, 44% used [0x00000000c0000000,0x00000000c1e048f8,0x00000000c4300000)
 Metaspace       used 56368K, committed 57536K, reserved 1114112K
  class space    used 6034K, committed 6528K, reserved 1048576K
}
Event: 47.320 GC heap before
{Heap before GC invocations=30 (full 2):
 PSYoungGen      total 23552K, used 23520K [0x00000000eab00000, 0x00000000ec900000, 0x0000000100000000)
  eden space 21504K, 100% used [0x00000000eab00000,0x00000000ec000000,0x00000000ec000000)
  from space 2048K, 98% used [0x00000000ec000000,0x00000000ec1f8030,0x00000000ec200000)
  to   space 4608K, 0% used [0x00000000ec480000,0x00000000ec480000,0x00000000ec900000)
 ParOldGen       total 68608K, used 30738K [0x00000000c0000000, 0x00000000c4300000, 0x00000000eab00000)
  object space 68608K, 44% used [0x00000000c0000000,0x00000000c1e048f8,0x00000000c4300000)
 Metaspace       used 56638K, committed 57792K, reserved 1114112K
  class space    used 6039K, committed 6528K, reserved 1048576K
}
Event: 47.331 GC heap after
{Heap after GC invocations=30 (full 2):
 PSYoungGen      total 24576K, used 2624K [0x00000000eab00000, 0x00000000ec780000, 0x0000000100000000)
  eden space 21504K, 0% used [0x00000000eab00000,0x00000000eab00000,0x00000000ec000000)
  from space 3072K, 85% used [0x00000000ec480000,0x00000000ec710000,0x00000000ec780000)
  to   space 3584K, 0% used [0x00000000ec080000,0x00000000ec080000,0x00000000ec400000)
 ParOldGen       total 68608K, used 32696K [0x00000000c0000000, 0x00000000c4300000, 0x00000000eab00000)
  object space 68608K, 47% used [0x00000000c0000000,0x00000000c1fee058,0x00000000c4300000)
 Metaspace       used 56638K, committed 57792K, reserved 1114112K
  class space    used 6039K, committed 6528K, reserved 1048576K
}
Event: 48.684 GC heap before
{Heap before GC invocations=31 (full 2):
 PSYoungGen      total 24576K, used 24128K [0x00000000eab00000, 0x00000000ec780000, 0x0000000100000000)
  eden space 21504K, 100% used [0x00000000eab00000,0x00000000ec000000,0x00000000ec000000)
  from space 3072K, 85% used [0x00000000ec480000,0x00000000ec710000,0x00000000ec780000)
  to   space 3584K, 0% used [0x00000000ec080000,0x00000000ec080000,0x00000000ec400000)
 ParOldGen       total 68608K, used 32696K [0x00000000c0000000, 0x00000000c4300000, 0x00000000eab00000)
  object space 68608K, 47% used [0x00000000c0000000,0x00000000c1fee058,0x00000000c4300000)
 Metaspace       used 57048K, committed 58240K, reserved 1114112K
  class space    used 6090K, committed 6592K, reserved 1048576K
}
Event: 48.691 GC heap after
{Heap after GC invocations=31 (full 2):
 PSYoungGen      total 23552K, used 1600K [0x00000000eab00000, 0x00000000ec500000, 0x0000000100000000)
  eden space 21504K, 0% used [0x00000000eab00000,0x00000000eab00000,0x00000000ec000000)
  from space 2048K, 78% used [0x00000000ec080000,0x00000000ec210000,0x00000000ec280000)
  to   space 2560K, 0% used [0x00000000ec280000,0x00000000ec280000,0x00000000ec500000)
 ParOldGen       total 68608K, used 34821K [0x00000000c0000000, 0x00000000c4300000, 0x00000000eab00000)
  object space 68608K, 50% used [0x00000000c0000000,0x00000000c2201478,0x00000000c4300000)
 Metaspace       used 57048K, committed 58240K, reserved 1114112K
  class space    used 6090K, committed 6592K, reserved 1048576K
}
Event: 49.375 GC heap before
{Heap before GC invocations=32 (full 2):
 PSYoungGen      total 23552K, used 23104K [0x00000000eab00000, 0x00000000ec500000, 0x0000000100000000)
  eden space 21504K, 100% used [0x00000000eab00000,0x00000000ec000000,0x00000000ec000000)
  from space 2048K, 78% used [0x00000000ec080000,0x00000000ec210000,0x00000000ec280000)
  to   space 2560K, 0% used [0x00000000ec280000,0x00000000ec280000,0x00000000ec500000)
 ParOldGen       total 68608K, used 34821K [0x00000000c0000000, 0x00000000c4300000, 0x00000000eab00000)
  object space 68608K, 50% used [0x00000000c0000000,0x00000000c2201478,0x00000000c4300000)
 Metaspace       used 57326K, committed 58496K, reserved 1114112K
  class space    used 6106K, committed 6592K, reserved 1048576K
}
Event: 49.382 GC heap after
{Heap after GC invocations=32 (full 2):
 PSYoungGen      total 23552K, used 1584K [0x00000000eab00000, 0x00000000ec480000, 0x0000000100000000)
  eden space 21504K, 0% used [0x00000000eab00000,0x00000000eab00000,0x00000000ec000000)
  from space 2048K, 77% used [0x00000000ec280000,0x00000000ec40c030,0x00000000ec480000)
  to   space 2048K, 0% used [0x00000000ec080000,0x00000000ec080000,0x00000000ec280000)
 ParOldGen       total 68608K, used 36046K [0x00000000c0000000, 0x00000000c4300000, 0x00000000eab00000)
  object space 68608K, 52% used [0x00000000c0000000,0x00000000c23339e0,0x00000000c4300000)
 Metaspace       used 57326K, committed 58496K, reserved 1114112K
  class space    used 6106K, committed 6592K, reserved 1048576K
}

