# JRE version: Java(TM) SE Runtime Environment (22.0.1+8) (build 22.0.1+8-16)
# Java VM: Java HotSpot(TM) 64-Bit Server VM (22.0.1+8-16, mixed mode, sharing, tiered, compressed oops, compressed class ptrs, g1 gc, windows-amd64)
GC Precious Log:
 CardTable entry size: 512
 Card Set container configuration: InlinePtr #cards 5 size 8 Array Of Cards #cards 12 size 40 Howl #buckets 4 coarsen threshold 1843 Howl Bitmap #cards 512 size 80 coarsen threshold 460 Card regions per heap region 1 cards per card region 2048
 CPUs: 4 total, 4 available
 Memory: 3470M
 Large Page Support: Disabled
 NUMA Support: Disabled
 Compressed Oops: Enabled (32-bit)
 Heap Region Size: 1M
 Heap Min Capacity: 8M
 Heap Initial Capacity: 56M
 Heap Max Capacity: 868M
 Pre-touch: Disabled
 Parallel Workers: 4
 Concurrent Workers: 1
 Concurrent Refinement Workers: 4
 Periodic GC: Disabled
Heap:
 garbage-first heap   total reserved 888832K, committed 54272K, used 28688K [0x00000000c9c00000, 0x0000000100000000)
  region size 1024K, 3 young (3072K), 2 survivors (2048K)
 Metaspace       used 59564K, committed 60160K, reserved 1114112K
  class space    used 7892K, committed 8128K, reserved 1048576K
GC Heap History (20 events):
Event: 12.149 GC heap after
{Heap after GC invocations=13 (full 0):
 garbage-first heap   total reserved 888832K, committed 45056K, used 21648K [0x00000000c9c00000, 0x0000000100000000)
  region size 1024K, 1 young (1024K), 1 survivors (1024K)
 Metaspace       used 44908K, committed 45312K, reserved 1114112K
  class space    used 6017K, committed 6208K, reserved 1048576K
}
Event: 13.383 GC heap before
{Heap before GC invocations=13 (full 0):
 garbage-first heap   total reserved 888832K, committed 45056K, used 39056K [0x00000000c9c00000, 0x0000000100000000)
  region size 1024K, 18 young (18432K), 1 survivors (1024K)
 Metaspace       used 48806K, committed 49152K, reserved 1114112K
  class space    used 6505K, committed 6656K, reserved 1048576K
}
Event: 13.390 GC heap after
{Heap after GC invocations=14 (full 0):
 garbage-first heap   total reserved 888832K, committed 54272K, used 22911K [0x00000000c9c00000, 0x0000000100000000)
  region size 1024K, 3 young (3072K), 3 survivors (3072K)
 Metaspace       used 48806K, committed 49152K, reserved 1114112K
  class space    used 6505K, committed 6656K, reserved 1048576K
}
Event: 13.962 GC heap before
{Heap before GC invocations=15 (full 0):
 garbage-first heap   total reserved 888832K, committed 54272K, used 45439K [0x00000000c9c00000, 0x0000000100000000)
  region size 1024K, 25 young (25600K), 3 survivors (3072K)
 Metaspace       used 49740K, committed 50112K, reserved 1114112K
  class space    used 6689K, committed 6848K, reserved 1048576K
}
Event: 13.969 GC heap after
{Heap after GC invocations=16 (full 0):
 garbage-first heap   total reserved 888832K, committed 54272K, used 23890K [0x00000000c9c00000, 0x0000000100000000)
  region size 1024K, 4 young (4096K), 4 survivors (4096K)
 Metaspace       used 49740K, committed 50112K, reserved 1114112K
  class space    used 6689K, committed 6848K, reserved 1048576K
}
Event: 14.354 GC heap before
{Heap before GC invocations=16 (full 0):
 garbage-first heap   total reserved 888832K, committed 54272K, used 44370K [0x00000000c9c00000, 0x0000000100000000)
  region size 1024K, 24 young (24576K), 4 survivors (4096K)
 Metaspace       used 50869K, committed 51264K, reserved 1114112K
  class space    used 6830K, committed 6976K, reserved 1048576K
}
Event: 14.365 GC heap after
{Heap after GC invocations=17 (full 0):
 garbage-first heap   total reserved 888832K, committed 54272K, used 24645K [0x00000000c9c00000, 0x0000000100000000)
  region size 1024K, 3 young (3072K), 3 survivors (3072K)
 Metaspace       used 50869K, committed 51264K, reserved 1114112K
  class space    used 6830K, committed 6976K, reserved 1048576K
}
Event: 15.000 GC heap before
{Heap before GC invocations=17 (full 0):
 garbage-first heap   total reserved 888832K, committed 54272K, used 46149K [0x00000000c9c00000, 0x0000000100000000)
  region size 1024K, 24 young (24576K), 3 survivors (3072K)
 Metaspace       used 52723K, committed 53120K, reserved 1114112K
  class space    used 7084K, committed 7232K, reserved 1048576K
}
Event: 15.008 GC heap after
{Heap after GC invocations=18 (full 0):
 garbage-first heap   total reserved 888832K, committed 54272K, used 26474K [0x00000000c9c00000, 0x0000000100000000)
  region size 1024K, 3 young (3072K), 3 survivors (3072K)
 Metaspace       used 52723K, committed 53120K, reserved 1114112K
  class space    used 7084K, committed 7232K, reserved 1048576K
}
Event: 216.544 GC heap before
{Heap before GC invocations=18 (full 0):
 garbage-first heap   total reserved 888832K, committed 54272K, used 46954K [0x00000000c9c00000, 0x0000000100000000)
  region size 1024K, 23 young (23552K), 3 survivors (3072K)
 Metaspace       used 53954K, committed 54400K, reserved 1114112K
  class space    used 7235K, committed 7424K, reserved 1048576K
}
Event: 217.296 GC heap after
{Heap after GC invocations=19 (full 0):
 garbage-first heap   total reserved 888832K, committed 54272K, used 27599K [0x00000000c9c00000, 0x0000000100000000)
  region size 1024K, 2 young (2048K), 2 survivors (2048K)
 Metaspace       used 53954K, committed 54400K, reserved 1114112K
  class space    used 7235K, committed 7424K, reserved 1048576K
}
Event: 490.602 GC heap before
{Heap before GC invocations=20 (full 0):
 garbage-first heap   total reserved 888832K, committed 54272K, used 46031K [0x00000000c9c00000, 0x0000000100000000)
  region size 1024K, 21 young (21504K), 2 survivors (2048K)
 Metaspace       used 55683K, committed 56128K, reserved 1114112K
  class space    used 7457K, committed 7680K, reserved 1048576K
}
Event: 490.633 GC heap after
{Heap after GC invocations=21 (full 0):
 garbage-first heap   total reserved 888832K, committed 54272K, used 27876K [0x00000000c9c00000, 0x0000000100000000)
  region size 1024K, 2 young (2048K), 2 survivors (2048K)
 Metaspace       used 55683K, committed 56128K, reserved 1114112K
  class space    used 7457K, committed 7680K, reserved 1048576K
}
Event: 661.757 GC heap before
{Heap before GC invocations=21 (full 0):
 garbage-first heap   total reserved 888832K, committed 54272K, used 47332K [0x00000000c9c00000, 0x0000000100000000)
  region size 1024K, 21 young (21504K), 2 survivors (2048K)
 Metaspace       used 58681K, committed 59136K, reserved 1114112K
  class space    used 7814K, committed 8000K, reserved 1048576K
}
Event: 661.789 GC heap after
{Heap after GC invocations=22 (full 0):
 garbage-first heap   total reserved 888832K, committed 54272K, used 28429K [0x00000000c9c00000, 0x0000000100000000)
  region size 1024K, 3 young (3072K), 3 survivors (3072K)
 Metaspace       used 58681K, committed 59136K, reserved 1114112K
  class space    used 7814K, committed 8000K, reserved 1048576K
}
Event: 910.435 GC heap before
{Heap before GC invocations=22 (full 0):
 garbage-first heap   total reserved 888832K, committed 54272K, used 45837K [0x00000000c9c00000, 0x0000000100000000)
  region size 1024K, 20 young (20480K), 3 survivors (3072K)
 Metaspace       used 59526K, committed 60032K, reserved 1114112K
  class space    used 7892K, committed 8128K, reserved 1048576K
}
Event: 910.462 GC heap after
{Heap after GC invocations=23 (full 0):
 garbage-first heap   total reserved 888832K, committed 54272K, used 29050K [0x00000000c9c00000, 0x0000000100000000)
  region size 1024K, 2 young (2048K), 2 survivors (2048K)
 Metaspace       used 59526K, committed 60032K, reserved 1114112K
  class space    used 7892K, committed 8128K, reserved 1048576K
}
Event: 1289.872 GC heap before
{Heap before GC invocations=24 (full 0):
 garbage-first heap   total reserved 888832K, committed 54272K, used 47482K [0x00000000c9c00000, 0x0000000100000000)
  region size 1024K, 20 young (20480K), 2 survivors (2048K)
 Metaspace       used 59454K, committed 60032K, reserved 1114112K
  class space    used 7869K, committed 8128K, reserved 1048576K
}
Event: 1289.960 GC heap after
{Heap after GC invocations=25 (full 0):
 garbage-first heap   total reserved 888832K, committed 54272K, used 28688K [0x00000000c9c00000, 0x0000000100000000)
  region size 1024K, 2 young (2048K), 2 survivors (2048K)
 Metaspace       used 59454K, committed 60032K, reserved 1114112K
  class space    used 7869K, committed 8128K, reserved 1048576K
}
Event: 1293.480 GC heap before
{Heap before GC invocations=25 (full 0):
 garbage-first heap   total reserved 888832K, committed 54272K, used 28688K [0x00000000c9c00000, 0x0000000100000000)
  region size 1024K, 3 young (3072K), 2 survivors (2048K)
 Metaspace       used 59564K, committed 60160K, reserved 1114112K
  class space    used 7892K, committed 8128K, reserved 1048576K
}

